Python 3.7.0 (v3.7.0:1bf9cc5093, Jun 27 2018, 04:06:47) [MSC v.1914 32 bit (Intel)] on win32
Type "copyright", "credits" or "license()" for more information.
>>> 
================== RESTART: C:\Users\admin\Desktop\dwdm1.py ==================
(4572, 20)
RangeIndex(start=0, stop=4572, step=1)
Index(['Year', 'Datetime', 'Stage', 'Stadium', 'City', 'Home Team Name',
       'Home Team Goals', 'Away Team Goals', 'Away Team Name',
       'Win conditions', 'Attendance', 'Half-time Home Goals',
       'Half-time Away Goals', 'Referee', 'Assistant 1', 'Assistant 2',
       'RoundID', 'MatchID', 'Home Team Initials', 'Away Team Initials'],
      dtype='object')
Year                    3720
Datetime                3720
Stage                   3720
Stadium                 3720
City                    3720
Home Team Name          3720
Home Team Goals         3720
Away Team Goals         3720
Away Team Name          3720
Win conditions          3720
Attendance              3722
Half-time Home Goals    3720
Half-time Away Goals    3720
Referee                 3720
Assistant 1             3720
Assistant 2             3720
RoundID                 3720
MatchID                 3720
Home Team Initials      3720
Away Team Initials      3720
dtype: int64
>>> 
================== RESTART: C:\Users\admin\Desktop\dwdm1.py ==================
(4572, 20)
RangeIndex(start=0, stop=4572, step=1)
Index(['Year', 'Datetime', 'Stage', 'Stadium', 'City', 'Home Team Name',
       'Home Team Goals', 'Away Team Goals', 'Away Team Name',
       'Win conditions', 'Attendance', 'Half-time Home Goals',
       'Half-time Away Goals', 'Referee', 'Assistant 1', 'Assistant 2',
       'RoundID', 'MatchID', 'Home Team Initials', 'Away Team Initials'],
      dtype='object')
Year                    3720
Datetime                3720
Stage                   3720
Stadium                 3720
City                    3720
Home Team Name          3720
Home Team Goals         3720
Away Team Goals         3720
Away Team Name          3720
Win conditions          3720
Attendance              3722
Half-time Home Goals    3720
Half-time Away Goals    3720
Referee                 3720
Assistant 1             3720
Assistant 2             3720
RoundID                 3720
MatchID                 3720
Home Team Initials      3720
Away Team Initials      3720
dtype: int64
Traceback (most recent call last):
  File "C:\Users\admin\Desktop\dwdm1.py", line 16, in <module>
    print(dataset.dropna(inplace=TRUE))
NameError: name 'TRUE' is not defined
>>> 
================== RESTART: C:\Users\admin\Desktop\dwdm1.py ==================
(4572, 20)
RangeIndex(start=0, stop=4572, step=1)
Index(['Year', 'Datetime', 'Stage', 'Stadium', 'City', 'Home Team Name',
       'Home Team Goals', 'Away Team Goals', 'Away Team Name',
       'Win conditions', 'Attendance', 'Half-time Home Goals',
       'Half-time Away Goals', 'Referee', 'Assistant 1', 'Assistant 2',
       'RoundID', 'MatchID', 'Home Team Initials', 'Away Team Initials'],
      dtype='object')
Year                    3720
Datetime                3720
Stage                   3720
Stadium                 3720
City                    3720
Home Team Name          3720
Home Team Goals         3720
Away Team Goals         3720
Away Team Name          3720
Win conditions          3720
Attendance              3722
Half-time Home Goals    3720
Half-time Away Goals    3720
Referee                 3720
Assistant 1             3720
Assistant 2             3720
RoundID                 3720
MatchID                 3720
Home Team Initials      3720
Away Team Initials      3720
dtype: int64
None
>>> 
================== RESTART: C:\Users\admin\Desktop\dwdm1.py ==================
(4572, 20)
RangeIndex(start=0, stop=4572, step=1)
Index(['Year', 'Datetime', 'Stage', 'Stadium', 'City', 'Home Team Name',
       'Home Team Goals', 'Away Team Goals', 'Away Team Name',
       'Win conditions', 'Attendance', 'Half-time Home Goals',
       'Half-time Away Goals', 'Referee', 'Assistant 1', 'Assistant 2',
       'RoundID', 'MatchID', 'Home Team Initials', 'Away Team Initials'],
      dtype='object')
Year                    3720
Datetime                3720
Stage                   3720
Stadium                 3720
City                    3720
Home Team Name          3720
Home Team Goals         3720
Away Team Goals         3720
Away Team Name          3720
Win conditions          3720
Attendance              3722
Half-time Home Goals    3720
Half-time Away Goals    3720
Referee                 3720
Assistant 1             3720
Assistant 2             3720
RoundID                 3720
MatchID                 3720
Home Team Initials      3720
Away Team Initials      3720
dtype: int64
None
>>> 
================== RESTART: C:\Users\admin\Desktop\dwdm1.py ==================
(4572, 20)
RangeIndex(start=0, stop=4572, step=1)
Index(['Year', 'Datetime', 'Stage', 'Stadium', 'City', 'Home Team Name',
       'Home Team Goals', 'Away Team Goals', 'Away Team Name',
       'Win conditions', 'Attendance', 'Half-time Home Goals',
       'Half-time Away Goals', 'Referee', 'Assistant 1', 'Assistant 2',
       'RoundID', 'MatchID', 'Home Team Initials', 'Away Team Initials'],
      dtype='object')
None
Year                    0
Datetime                0
Stage                   0
Stadium                 0
City                    0
Home Team Name          0
Home Team Goals         0
Away Team Goals         0
Away Team Name          0
Win conditions          0
Attendance              0
Half-time Home Goals    0
Half-time Away Goals    0
Referee                 0
Assistant 1             0
Assistant 2             0
RoundID                 0
MatchID                 0
Home Team Initials      0
Away Team Initials      0
dtype: int64
>>> 
================== RESTART: C:\Users\admin\Desktop\dwdm1.py ==================
(4572, 20)
RangeIndex(start=0, stop=4572, step=1)
Index(['Year', 'Datetime', 'Stage', 'Stadium', 'City', 'Home Team Name',
       'Home Team Goals', 'Away Team Goals', 'Away Team Name',
       'Win conditions', 'Attendance', 'Half-time Home Goals',
       'Half-time Away Goals', 'Referee', 'Assistant 1', 'Assistant 2',
       'RoundID', 'MatchID', 'Home Team Initials', 'Away Team Initials'],
      dtype='object')
None
Year                    0
Datetime                0
Stage                   0
Stadium                 0
City                    0
Home Team Name          0
Home Team Goals         0
Away Team Goals         0
Away Team Name          0
Win conditions          0
Attendance              0
Half-time Home Goals    0
Half-time Away Goals    0
Referee                 0
Assistant 1             0
Assistant 2             0
RoundID                 0
MatchID                 0
Home Team Initials      0
Away Team Initials      0
dtype: int64
(850, 20)
>>> 
================== RESTART: C:\Users\admin\Desktop\dwdm1.py ==================
(4572, 20)
RangeIndex(start=0, stop=4572, step=1)
Index(['Year', 'Datetime', 'Stage', 'Stadium', 'City', 'Home Team Name',
       'Home Team Goals', 'Away Team Goals', 'Away Team Name',
       'Win conditions', 'Attendance', 'Half-time Home Goals',
       'Half-time Away Goals', 'Referee', 'Assistant 1', 'Assistant 2',
       'RoundID', 'MatchID', 'Home Team Initials', 'Away Team Initials'],
      dtype='object')
None
Year                    0
Datetime                0
Stage                   0
Stadium                 0
City                    0
Home Team Name          0
Home Team Goals         0
Away Team Goals         0
Away Team Name          0
Win conditions          0
Attendance              0
Half-time Home Goals    0
Half-time Away Goals    0
Referee                 0
Assistant 1             0
Assistant 2             0
RoundID                 0
MatchID                 0
Home Team Initials      0
Away Team Initials      0
dtype: int64
(850, 20)

=============================== RESTART: Shell ===============================
>>> 
================== RESTART: C:\Users\admin\Desktop\dwdm1.py ==================
(4572, 20)
RangeIndex(start=0, stop=4572, step=1)
Index(['Year', 'Datetime', 'Stage', 'Stadium', 'City', 'Home Team Name',
       'Home Team Goals', 'Away Team Goals', 'Away Team Name',
       'Win conditions', 'Attendance', 'Half-time Home Goals',
       'Half-time Away Goals', 'Referee', 'Assistant 1', 'Assistant 2',
       'RoundID', 'MatchID', 'Home Team Initials', 'Away Team Initials'],
      dtype='object')
None
Year                    0
Datetime                0
Stage                   0
Stadium                 0
City                    0
Home Team Name          0
Home Team Goals         0
Away Team Goals         0
Away Team Name          0
Win conditions          0
Attendance              0
Half-time Home Goals    0
Half-time Away Goals    0
Referee                 0
Assistant 1             0
Assistant 2             0
RoundID                 0
MatchID                 0
Home Team Initials      0
Away Team Initials      0
dtype: int64
(850, 20)
Year                    1.985021e+03
Home Team Goals         1.810588e+00
Away Team Goals         1.022353e+00
Attendance              4.516480e+04
Half-time Home Goals    7.105882e-01
Half-time Away Goals    4.294118e-01
RoundID                 1.068626e+07
MatchID                 6.078489e+07
dtype: float64
>>> 
================== RESTART: C:\Users\admin\Desktop\dwdm1.py ==================
(4572, 20)
RangeIndex(start=0, stop=4572, step=1)
Index(['Year', 'Datetime', 'Stage', 'Stadium', 'City', 'Home Team Name',
       'Home Team Goals', 'Away Team Goals', 'Away Team Name',
       'Win conditions', 'Attendance', 'Half-time Home Goals',
       'Half-time Away Goals', 'Referee', 'Assistant 1', 'Assistant 2',
       'RoundID', 'MatchID', 'Home Team Initials', 'Away Team Initials'],
      dtype='object')
None
Year                    0
Datetime                0
Stage                   0
Stadium                 0
City                    0
Home Team Name          0
Home Team Goals         0
Away Team Goals         0
Away Team Name          0
Win conditions          0
Attendance              0
Half-time Home Goals    0
Half-time Away Goals    0
Referee                 0
Assistant 1             0
Assistant 2             0
RoundID                 0
MatchID                 0
Home Team Initials      0
Away Team Initials      0
dtype: int64
(850, 20)
Traceback (most recent call last):
  File "C:\Users\admin\Desktop\dwdm1.py", line 19, in <module>
    print(dataset.mean(Year))
NameError: name 'Year' is not defined
>>> 
================== RESTART: C:\Users\admin\Desktop\dwdm1.py ==================
(4572, 20)
RangeIndex(start=0, stop=4572, step=1)
Index(['Year', 'Datetime', 'Stage', 'Stadium', 'City', 'Home Team Name',
       'Home Team Goals', 'Away Team Goals', 'Away Team Name',
       'Win conditions', 'Attendance', 'Half-time Home Goals',
       'Half-time Away Goals', 'Referee', 'Assistant 1', 'Assistant 2',
       'RoundID', 'MatchID', 'Home Team Initials', 'Away Team Initials'],
      dtype='object')
None
Year                    0
Datetime                0
Stage                   0
Stadium                 0
City                    0
Home Team Name          0
Home Team Goals         0
Away Team Goals         0
Away Team Name          0
Win conditions          0
Attendance              0
Half-time Home Goals    0
Half-time Away Goals    0
Referee                 0
Assistant 1             0
Assistant 2             0
RoundID                 0
MatchID                 0
Home Team Initials      0
Away Team Initials      0
dtype: int64
(850, 20)
Traceback (most recent call last):
  File "C:\Users\admin\Desktop\dwdm1.py", line 19, in <module>
    print(dataset.mean('Year'))
  File "C:\Program Files (x86)\Python37-32\lib\site-packages\pandas\core\generic.py", line 11618, in stat_func
    f, name, axis=axis, skipna=skipna, numeric_only=numeric_only
  File "C:\Program Files (x86)\Python37-32\lib\site-packages\pandas\core\frame.py", line 7903, in _reduce
    axis = self._get_axis_number(axis)
  File "C:\Program Files (x86)\Python37-32\lib\site-packages\pandas\core\generic.py", line 411, in _get_axis_number
    raise ValueError("No axis named {0} for object type {1}".format(axis, cls))
ValueError: No axis named Year for object type <class 'pandas.core.frame.DataFrame'>
>>> 
================== RESTART: C:\Users\admin\Desktop\dwdm1.py ==================
(4572, 20)
RangeIndex(start=0, stop=4572, step=1)
Index(['Year', 'Datetime', 'Stage', 'Stadium', 'City', 'Home Team Name',
       'Home Team Goals', 'Away Team Goals', 'Away Team Name',
       'Win conditions', 'Attendance', 'Half-time Home Goals',
       'Half-time Away Goals', 'Referee', 'Assistant 1', 'Assistant 2',
       'RoundID', 'MatchID', 'Home Team Initials', 'Away Team Initials'],
      dtype='object')
None
Year                    0
Datetime                0
Stage                   0
Stadium                 0
City                    0
Home Team Name          0
Home Team Goals         0
Away Team Goals         0
Away Team Name          0
Win conditions          0
Attendance              0
Half-time Home Goals    0
Half-time Away Goals    0
Referee                 0
Assistant 1             0
Assistant 2             0
RoundID                 0
MatchID                 0
Home Team Initials      0
Away Team Initials      0
dtype: int64
(850, 20)
Traceback (most recent call last):
  File "C:\Users\admin\Desktop\dwdm1.py", line 19, in <module>
    print(dataset.mean("Year"))
  File "C:\Program Files (x86)\Python37-32\lib\site-packages\pandas\core\generic.py", line 11618, in stat_func
    f, name, axis=axis, skipna=skipna, numeric_only=numeric_only
  File "C:\Program Files (x86)\Python37-32\lib\site-packages\pandas\core\frame.py", line 7903, in _reduce
    axis = self._get_axis_number(axis)
  File "C:\Program Files (x86)\Python37-32\lib\site-packages\pandas\core\generic.py", line 411, in _get_axis_number
    raise ValueError("No axis named {0} for object type {1}".format(axis, cls))
ValueError: No axis named Year for object type <class 'pandas.core.frame.DataFrame'>
>>> 
================== RESTART: C:\Users\admin\Desktop\dwdm1.py ==================
(4572, 20)
RangeIndex(start=0, stop=4572, step=1)
Index(['Year', 'Datetime', 'Stage', 'Stadium', 'City', 'Home Team Name',
       'Home Team Goals', 'Away Team Goals', 'Away Team Name',
       'Win conditions', 'Attendance', 'Half-time Home Goals',
       'Half-time Away Goals', 'Referee', 'Assistant 1', 'Assistant 2',
       'RoundID', 'MatchID', 'Home Team Initials', 'Away Team Initials'],
      dtype='object')
None
Year                    0
Datetime                0
Stage                   0
Stadium                 0
City                    0
Home Team Name          0
Home Team Goals         0
Away Team Goals         0
Away Team Name          0
Win conditions          0
Attendance              0
Half-time Home Goals    0
Half-time Away Goals    0
Referee                 0
Assistant 1             0
Assistant 2             0
RoundID                 0
MatchID                 0
Home Team Initials      0
Away Team Initials      0
dtype: int64
(850, 20)
Year                    1.985021e+03
Home Team Goals         1.810588e+00
Away Team Goals         1.022353e+00
Attendance              4.516480e+04
Half-time Home Goals    7.105882e-01
Half-time Away Goals    4.294118e-01
RoundID                 1.068626e+07
MatchID                 6.078489e+07
dtype: float64
>>> 
================== RESTART: C:\Users\admin\Desktop\dwdm1.py ==================
(4572, 20)
RangeIndex(start=0, stop=4572, step=1)
Index(['Year', 'Datetime', 'Stage', 'Stadium', 'City', 'Home Team Name',
       'Home Team Goals', 'Away Team Goals', 'Away Team Name',
       'Win conditions', 'Attendance', 'Half-time Home Goals',
       'Half-time Away Goals', 'Referee', 'Assistant 1', 'Assistant 2',
       'RoundID', 'MatchID', 'Home Team Initials', 'Away Team Initials'],
      dtype='object')
None
Year                    0
Datetime                0
Stage                   0
Stadium                 0
City                    0
Home Team Name          0
Home Team Goals         0
Away Team Goals         0
Away Team Name          0
Win conditions          0
Attendance              0
Half-time Home Goals    0
Half-time Away Goals    0
Referee                 0
Assistant 1             0
Assistant 2             0
RoundID                 0
MatchID                 0
Home Team Initials      0
Away Team Initials      0
dtype: int64
(850, 20)
Traceback (most recent call last):
  File "C:\Users\admin\Desktop\dwdm1.py", line 19, in <module>
    print(dataset.mean(axis = 2))
  File "C:\Program Files (x86)\Python37-32\lib\site-packages\pandas\core\generic.py", line 11618, in stat_func
    f, name, axis=axis, skipna=skipna, numeric_only=numeric_only
  File "C:\Program Files (x86)\Python37-32\lib\site-packages\pandas\core\frame.py", line 7903, in _reduce
    axis = self._get_axis_number(axis)
  File "C:\Program Files (x86)\Python37-32\lib\site-packages\pandas\core\generic.py", line 411, in _get_axis_number
    raise ValueError("No axis named {0} for object type {1}".format(axis, cls))
ValueError: No axis named 2 for object type <class 'pandas.core.frame.DataFrame'>
>>> 
================== RESTART: C:\Users\admin\Desktop\dwdm1.py ==================
(4572, 20)
RangeIndex(start=0, stop=4572, step=1)
Index(['Year', 'Datetime', 'Stage', 'Stadium', 'City', 'Home Team Name',
       'Home Team Goals', 'Away Team Goals', 'Away Team Name',
       'Win conditions', 'Attendance', 'Half-time Home Goals',
       'Half-time Away Goals', 'Referee', 'Assistant 1', 'Assistant 2',
       'RoundID', 'MatchID', 'Home Team Initials', 'Away Team Initials'],
      dtype='object')
None
Year                    0
Datetime                0
Stage                   0
Stadium                 0
City                    0
Home Team Name          0
Home Team Goals         0
Away Team Goals         0
Away Team Name          0
Win conditions          0
Attendance              0
Half-time Home Goals    0
Half-time Away Goals    0
Referee                 0
Assistant 1             0
Assistant 2             0
RoundID                 0
MatchID                 0
Home Team Initials      0
Away Team Initials      0
dtype: int64
(850, 20)
0      9.598750e+02
1      2.696500e+03
2      3.411000e+03
3      7.228750e+02
4      3.328250e+03
           ...     
847    3.756195e+07
848    3.756282e+07
849    3.756347e+07
850    3.756406e+07
851    3.756490e+07
Length: 850, dtype: float64
>>> 
================== RESTART: C:\Users\admin\Desktop\dwdm1.py ==================
(4572, 20)
RangeIndex(start=0, stop=4572, step=1)
Index(['Year', 'Datetime', 'Stage', 'Stadium', 'City', 'Home Team Name',
       'Home Team Goals', 'Away Team Goals', 'Away Team Name',
       'Win conditions', 'Attendance', 'Half-time Home Goals',
       'Half-time Away Goals', 'Referee', 'Assistant 1', 'Assistant 2',
       'RoundID', 'MatchID', 'Home Team Initials', 'Away Team Initials'],
      dtype='object')
None
Year                    0
Datetime                0
Stage                   0
Stadium                 0
City                    0
Home Team Name          0
Home Team Goals         0
Away Team Goals         0
Away Team Name          0
Win conditions          0
Attendance              0
Half-time Home Goals    0
Half-time Away Goals    0
Referee                 0
Assistant 1             0
Assistant 2             0
RoundID                 0
MatchID                 0
Home Team Initials      0
Away Team Initials      0
dtype: int64
(850, 20)
Year                    1.985021e+03
Home Team Goals         1.810588e+00
Away Team Goals         1.022353e+00
Attendance              4.516480e+04
Half-time Home Goals    7.105882e-01
Half-time Away Goals    4.294118e-01
RoundID                 1.068626e+07
MatchID                 6.078489e+07
dtype: float64
>>> 
================== RESTART: C:\Users\admin\Desktop\dwdm1.py ==================
(4572, 20)
RangeIndex(start=0, stop=4572, step=1)
Index(['Year', 'Datetime', 'Stage', 'Stadium', 'City', 'Home Team Name',
       'Home Team Goals', 'Away Team Goals', 'Away Team Name',
       'Win conditions', 'Attendance', 'Half-time Home Goals',
       'Half-time Away Goals', 'Referee', 'Assistant 1', 'Assistant 2',
       'RoundID', 'MatchID', 'Home Team Initials', 'Away Team Initials'],
      dtype='object')
None
Year                    0
Datetime                0
Stage                   0
Stadium                 0
City                    0
Home Team Name          0
Home Team Goals         0
Away Team Goals         0
Away Team Name          0
Win conditions          0
Attendance              0
Half-time Home Goals    0
Half-time Away Goals    0
Referee                 0
Assistant 1             0
Assistant 2             0
RoundID                 0
MatchID                 0
Home Team Initials      0
Away Team Initials      0
dtype: int64
(850, 20)
1985.0211764705882
>>> 
================== RESTART: C:\Users\admin\Desktop\dwdm1.py ==================
(4572, 20)
RangeIndex(start=0, stop=4572, step=1)
Index(['Year', 'Datetime', 'Stage', 'Stadium', 'City', 'Home Team Name',
       'Home Team Goals', 'Away Team Goals', 'Away Team Name',
       'Win conditions', 'Attendance', 'Half-time Home Goals',
       'Half-time Away Goals', 'Referee', 'Assistant 1', 'Assistant 2',
       'RoundID', 'MatchID', 'Home Team Initials', 'Away Team Initials'],
      dtype='object')
None
Year                    0
Datetime                0
Stage                   0
Stadium                 0
City                    0
Home Team Name          0
Home Team Goals         0
Away Team Goals         0
Away Team Name          0
Win conditions          0
Attendance              0
Half-time Home Goals    0
Half-time Away Goals    0
Referee                 0
Assistant 1             0
Assistant 2             0
RoundID                 0
MatchID                 0
Home Team Initials      0
Away Team Initials      0
dtype: int64
(850, 20)
1985
>>> 
================== RESTART: C:\Users\admin\Desktop\dwdm1.py ==================
(4572, 20)
RangeIndex(start=0, stop=4572, step=1)
Index(['Year', 'Datetime', 'Stage', 'Stadium', 'City', 'Home Team Name',
       'Home Team Goals', 'Away Team Goals', 'Away Team Name',
       'Win conditions', 'Attendance', 'Half-time Home Goals',
       'Half-time Away Goals', 'Referee', 'Assistant 1', 'Assistant 2',
       'RoundID', 'MatchID', 'Home Team Initials', 'Away Team Initials'],
      dtype='object')
None
Year                    0
Datetime                0
Stage                   0
Stadium                 0
City                    0
Home Team Name          0
Home Team Goals         0
Away Team Goals         0
Away Team Name          0
Win conditions          0
Attendance              0
Half-time Home Goals    0
Half-time Away Goals    0
Referee                 0
Assistant 1             0
Assistant 2             0
RoundID                 0
MatchID                 0
Home Team Initials      0
Away Team Initials      0
dtype: int64
(850, 20)
Traceback (most recent call last):
  File "C:\Users\admin\Desktop\dwdm1.py", line 19, in <module>
    print(int(dataset['Year'].mean))
TypeError: int() argument must be a string, a bytes-like object or a number, not 'method'
>>> 
================== RESTART: C:\Users\admin\Desktop\dwdm1.py ==================
(4572, 20)
RangeIndex(start=0, stop=4572, step=1)
Index(['Year', 'Datetime', 'Stage', 'Stadium', 'City', 'Home Team Name',
       'Home Team Goals', 'Away Team Goals', 'Away Team Name',
       'Win conditions', 'Attendance', 'Half-time Home Goals',
       'Half-time Away Goals', 'Referee', 'Assistant 1', 'Assistant 2',
       'RoundID', 'MatchID', 'Home Team Initials', 'Away Team Initials'],
      dtype='object')
None
Year                    0
Datetime                0
Stage                   0
Stadium                 0
City                    0
Home Team Name          0
Home Team Goals         0
Away Team Goals         0
Away Team Name          0
Win conditions          0
Attendance              0
Half-time Home Goals    0
Half-time Away Goals    0
Referee                 0
Assistant 1             0
Assistant 2             0
RoundID                 0
MatchID                 0
Home Team Initials      0
Away Team Initials      0
dtype: int64
(850, 20)
1985
>>> 
================== RESTART: C:\Users\admin\Desktop\dwdm1.py ==================
(4572, 20)
RangeIndex(start=0, stop=4572, step=1)
Index(['Year', 'Datetime', 'Stage', 'Stadium', 'City', 'Home Team Name',
       'Home Team Goals', 'Away Team Goals', 'Away Team Name',
       'Win conditions', 'Attendance', 'Half-time Home Goals',
       'Half-time Away Goals', 'Referee', 'Assistant 1', 'Assistant 2',
       'RoundID', 'MatchID', 'Home Team Initials', 'Away Team Initials'],
      dtype='object')
None
Year                    0
Datetime                0
Stage                   0
Stadium                 0
City                    0
Home Team Name          0
Home Team Goals         0
Away Team Goals         0
Away Team Name          0
Win conditions          0
Attendance              0
Half-time Home Goals    0
Half-time Away Goals    0
Referee                 0
Assistant 1             0
Assistant 2             0
RoundID                 0
MatchID                 0
Home Team Initials      0
Away Team Initials      0
dtype: int64
(850, 20)
1985
1990
>>> 
================== RESTART: C:\Users\admin\Desktop\dwdm1.py ==================
(4572, 20)
RangeIndex(start=0, stop=4572, step=1)
Index(['Year', 'Datetime', 'Stage', 'Stadium', 'City', 'Home Team Name',
       'Home Team Goals', 'Away Team Goals', 'Away Team Name',
       'Win conditions', 'Attendance', 'Half-time Home Goals',
       'Half-time Away Goals', 'Referee', 'Assistant 1', 'Assistant 2',
       'RoundID', 'MatchID', 'Home Team Initials', 'Away Team Initials'],
      dtype='object')
None
Year                    0
Datetime                0
Stage                   0
Stadium                 0
City                    0
Home Team Name          0
Home Team Goals         0
Away Team Goals         0
Away Team Name          0
Win conditions          0
Attendance              0
Half-time Home Goals    0
Half-time Away Goals    0
Referee                 0
Assistant 1             0
Assistant 2             0
RoundID                 0
MatchID                 0
Home Team Initials      0
Away Team Initials      0
dtype: int64
(850, 20)
1985
1990
2014
>>> 
================== RESTART: C:\Users\admin\Desktop\dwdm1.py ==================
(4572, 20)
RangeIndex(start=0, stop=4572, step=1)
Index(['Year', 'Datetime', 'Stage', 'Stadium', 'City', 'Home Team Name',
       'Home Team Goals', 'Away Team Goals', 'Away Team Name',
       'Win conditions', 'Attendance', 'Half-time Home Goals',
       'Half-time Away Goals', 'Referee', 'Assistant 1', 'Assistant 2',
       'RoundID', 'MatchID', 'Home Team Initials', 'Away Team Initials'],
      dtype='object')
None
Year                    0
Datetime                0
Stage                   0
Stadium                 0
City                    0
Home Team Name          0
Home Team Goals         0
Away Team Goals         0
Away Team Name          0
Win conditions          0
Attendance              0
Half-time Home Goals    0
Half-time Away Goals    0
Referee                 0
Assistant 1             0
Assistant 2             0
RoundID                 0
MatchID                 0
Home Team Initials      0
Away Team Initials      0
dtype: int64
(850, 20)
Mean:  1985
Mean:  1990
Mean:  2014
>>> 
================== RESTART: C:\Users\admin\Desktop\dwdm1.py ==================
(4572, 20)
RangeIndex(start=0, stop=4572, step=1)
Index(['Year', 'Datetime', 'Stage', 'Stadium', 'City', 'Home Team Name',
       'Home Team Goals', 'Away Team Goals', 'Away Team Name',
       'Win conditions', 'Attendance', 'Half-time Home Goals',
       'Half-time Away Goals', 'Referee', 'Assistant 1', 'Assistant 2',
       'RoundID', 'MatchID', 'Home Team Initials', 'Away Team Initials'],
      dtype='object')
None
Year                    0
Datetime                0
Stage                   0
Stadium                 0
City                    0
Home Team Name          0
Home Team Goals         0
Away Team Goals         0
Away Team Name          0
Win conditions          0
Attendance              0
Half-time Home Goals    0
Half-time Away Goals    0
Referee                 0
Assistant 1             0
Assistant 2             0
RoundID                 0
MatchID                 0
Home Team Initials      0
Away Team Initials      0
dtype: int64
(850, 20)
Mean:  1985
Mean:  1990
Mean:  2014
Traceback (most recent call last):
  File "C:\Program Files (x86)\Python37-32\lib\site-packages\pandas\core\nanops.py", line 1304, in _ensure_numeric
    x = float(x)
ValueError: could not convert string to float: 'FranceUSAYugoslaviaRomaniaArgentinaChileYugoslaviaUSAUruguayChileArgentinaBrazilParaguayUruguayArgentinaArgentinaUruguayUruguayAustriaHungarySwitzerlandSwedenGermanySpainItalyCzechoslovakiaCzechoslovakiaGermanyItalyAustriaItalyItalyCzechoslovakiaGermanyItalySwitzerlandHungaryFranceCubaItalyBrazilCzechoslovakiaCubaSwitzerlandBrazilHungarySwedenItalyBrazilHungaryItalyBrazilItalyBrazilEnglandSpainSwedenYugoslaviaBrazilYugoslaviaSpainSwedenUSABrazilSpainItalyUruguaySwitzerlandChileUruguayBrazilBrazilUruguaySwedenUruguayUruguayAustriaBrazilYugoslaviaGermany FRHungaryEnglandSwitzerlandUruguayAustriaFranceBrazilHungaryTurkeyEnglandItalyGermany FRSwitzerlandUruguayAustriaGermany FRHungaryGermany FRHungaryAustriaGermany FRSwedenSoviet UnionArgentinaHungaryFranceYugoslaviaBrazilNorthern IrelandBrazilMexicoParaguayYugoslaviaSoviet UnionGermany FRArgentinaSwedenSwedenBrazilGermany FRHungaryParaguayFranceEnglandCzechoslovakiaSoviet UnionNorthern IrelandWalesBrazilGermany FRSwedenFranceSwedenBrazilFranceBrazilUruguayBrazilArgentinaChileSoviet UnionCzechoslovakiaHungaryGermany FRYugoslaviaBrazilEnglandChileSoviet UnionSpainHungaryGermany FRSoviet UnionBrazilHungaryGermany FRYugoslaviaMexicoEnglandItalyChileBrazilCzechoslovakiaYugoslaviaCzechoslovakiaBrazilChileBrazilEnglandGermany FRBrazilSoviet UnionFrancePortugalArgentinaItalyUruguaySpainHungaryKorea DPRPortugalGermany FRSoviet UnionEnglandUruguayArgentinaPortugalKorea DPREnglandHungaryGermany FRSoviet UnionEnglandGermany FRSoviet UnionPortugalGermany FREnglandPortugalEnglandMexicoUruguayPeruEnglandItalyGermany FRBrazilBelgiumUruguayPeruRomaniaSoviet UnionSwedenGermany FRBrazilMexicoSwedenGermany FRBrazilSoviet UnionItalyBulgariaEnglandMexicoItalyGermany FRBrazilUruguayBrazilItalyGermany FRBrazilBrazilGermany FRGerman DRZaireUruguaySwedenItalyPolandAustraliaScotlandChileYugoslaviaNetherlandsBulgariaHaitiArgentinaScotlandAustraliaZaireGerman DRBulgariaArgentinaSwedenPolandYugoslaviaBrazilNetherlandsSwedenArgentinaPolandGerman DRGermany FRPolandNetherlandsArgentinaSwedenBrazilNetherlandsGermany FRItalyTunisiaArgentinaSwedenAustriaPeruNetherlandsItalyPolandGermany FRArgentinaBrazilAustriaScotlandNetherlandsFrancePolandGermany FRItalyBrazilSpainPeruScotlandGermany FRNetherlandsBrazilArgentinaPolandItalyGermany FRArgentinaNetherlandsAustriaBrazilArgentinaBrazilArgentinaArgentinaItalyBrazilPeruHungaryScotlandGermany FREnglandSpainChileCzechoslovakiaYugoslaviaItalyArgentinaBrazilPolandBelgiumSoviet UnionGermany FREnglandSpainAlgeriaFranceHondurasPolandBelgiumSoviet UnionItalyArgentinaBrazilAlgeriaFranceHondurasGermany FREnglandNorthern IrelandAustriaPolandItalyGermany FRAustriaBelgiumArgentinaGermany FRFrancePolandItalySpainPolandGermany FRPolandItalyBulgariaCanadaSpainSoviet UnionArgentinaMoroccoAlgeriaBelgiumPortugalParaguayScotlandUruguayItalyFranceKorea RepublicHungaryBrazilEnglandNorthern IrelandMexicoPolandIraqDenmarkGermany FRHungarySoviet UnionKorea RepublicArgentinaParaguayIraqPortugalEnglandNorthern IrelandAlgeriaScotlandDenmarkSoviet UnionMexicoArgentinaBrazilItalyMoroccoEnglandDenmarkBrazilGermany FRSpainArgentinaFranceArgentinaFranceArgentinaArgentinaSoviet Unionrn">United Arab EmiratesItalyUSABrazilGermany FRCosta RicaEnglandBelgiumNetherlandsUruguayArgentinaCameroonYugoslaviaItalyAustriaGermany FRBrazilSwedenEnglandrn">Republic of IrelandKorea RepublicBelgiumArgentinaCameroonGermany FRYugoslaviaItalyAustriaBrazilSwedenKorea RepublicBelgiumrn">Republic of IrelandEnglandCameroonCzechoslovakiaBrazilGermany FRrn">Republic of IrelandItalySpainEnglandYugoslaviaItalyGermany FREnglandItalyGermany FRItalyGermany FRSpainGermanyUSAItalyColombiaBelgiumNorwayCameroonNetherlandsBrazilArgentinaNigeriaGermanyRomaniaUSAItalyKorea RepublicMexicoSwedenBrazilBelgiumSaudi ArabiaArgentinaBulgariaUSASwitzerlandGermanyBoliviarn">Republic of IrelandBrazilItalyRussiaMoroccoBelgiumGreeceArgentinaGermanySpainSaudi ArabiaRomaniaNetherlandsBrazilNigeriaMexicoItalyNetherlandsBulgariaRomaniaBulgariaSwedenSwedenBrazilBrazilMoroccoItalyCameroonParaguaySaudi ArabiaFranceSpainKorea RepublicNetherlandsArgentinaYugoslaviaJamaicaEnglandRomaniaGermanyScotlandBrazilChileItalySouth AfricaFranceNigeriaSpainJapanBelgiumNetherlandsGermanyArgentinaUSAColombiaRomaniaItalyChileScotlandBrazilFranceSouth AfricaSpainNigeriaBelgiumNetherlandsGermanyUSAJapanArgentinaRomaniaColombiaItalyBrazilFranceNigeriaGermanyNetherlandsRomaniaArgentinaItalyBrazilNetherlandsGermanyBrazilFranceNetherlandsBrazilFranceUruguayrn">Republic of IrelandGermanyArgentinaParaguayEnglandSpainBrazilItalyCroatiaChina PRJapanKorea RepublicRussiaUSAGermanyDenmarkCameroonFranceSwedenArgentinaSpainSouth AfricaBrazilItalyCosta RicaJapanMexicoKorea RepublicPortugalTunisiaDenmarkSenegalSaudi ArabiaCameroonSwedenNigeriaSloveniaSouth AfricaCosta RicaTurkeyEcuadorMexicoTunisiaPortugalPolandBelgiumDenmarkGermanySpainSwedenBrazilMexicoJapanKorea RepublicEnglandGermanySenegalSpainGermanyBrazilKorea RepublicGermanyGermanyPolandEnglandrn">Trinidad and TobagoArgentinarn">Serbia and MontenegroMexicoAngolaAustraliaUSAItalyKorea RepublicFranceBrazilSpainTunisiaGermanyEcuadorEnglandSwedenArgentinaNetherlandsMexicoPortugalCzech RepublicItalyJapanBrazilFranceTogoSaudi ArabiaSpainEcuadorCosta RicaSwedenParaguayIranPortugalNetherlandsC�te d\'IvoireCzech RepublicGhanaJapanCroatiaUkraineSaudi ArabiaTogoSwitzerlandGermanyArgentinaEnglandPortugalItalySwitzerlandBrazilSpainGermanyItalyEnglandBrazilGermanyPortugalGermanyItalySouth AfricaUruguayKorea RepublicArgentinaEnglandAlgeriaSerbiaGermanyNetherlandsJapanItalyNew ZealandC�te d\'IvoireBrazilHondurasSpainSouth AfricaArgentinaGreeceFranceGermanySloveniaEnglandNetherlandsGhanaCameroonSlovakiaItalyBrazilPortugalChileSpainMexicoFranceNigeriaGreeceSloveniaUSAGhanaAustraliaSlovakiaParaguayDenmarkCameroonPortugalKorea DPRChileSwitzerlandUruguayUSAGermanyArgentinaNetherlandsBrazilParaguaySpainNetherlandsUruguayArgentinaParaguayUruguayGermanyUruguayNetherlandsBrazilMexicoSpainChileColombiaUruguayEnglandC�te d\'IvoireSwitzerlandFranceArgentinaGermanyIR IranGhanaBelgiumBrazilRussiaAustraliaSpainCameroonColombiaUruguayJapanItalySwitzerlandHondurasArgentinaGermanyNigeriaBelgiumKorea RepublicUSAAustraliaNetherlandsCameroonCroatiaItalyCosta RicaJapanGreeceNigeriarn">Bosnia and HerzegovinaHondurasEcuadorUSAPortugalKorea RepublicAlgeriaBrazilColombiaFranceBrazilFranceBrazilBrazilGermanyNetherlandsNetherlandsArgentinaNetherlandsCosta RicaArgentinaBelgiumBrazilColombiaNetherlandsCosta RicaFranceArgentinaBelgiumFranceBrazilArgentinaNetherlandsBrazilNetherlandsBrazilGermany'

During handling of the above exception, another exception occurred:

Traceback (most recent call last):
  File "C:\Program Files (x86)\Python37-32\lib\site-packages\pandas\core\nanops.py", line 1307, in _ensure_numeric
    x = complex(x)
ValueError: complex() arg is a malformed string

During handling of the above exception, another exception occurred:

Traceback (most recent call last):
  File "C:\Program Files (x86)\Python37-32\lib\site-packages\pandas\core\nanops.py", line 120, in f
    result = alt(values, axis=axis, skipna=skipna, **kwds)
  File "C:\Program Files (x86)\Python37-32\lib\site-packages\pandas\core\nanops.py", line 551, in nanmean
    the_sum = _ensure_numeric(values.sum(axis, dtype=dtype_sum))
  File "C:\Program Files (x86)\Python37-32\lib\site-packages\pandas\core\nanops.py", line 1310, in _ensure_numeric
    "Could not convert {value!s} to numeric".format(value=x)
TypeError: Could not convert FranceUSAYugoslaviaRomaniaArgentinaChileYugoslaviaUSAUruguayChileArgentinaBrazilParaguayUruguayArgentinaArgentinaUruguayUruguayAustriaHungarySwitzerlandSwedenGermanySpainItalyCzechoslovakiaCzechoslovakiaGermanyItalyAustriaItalyItalyCzechoslovakiaGermanyItalySwitzerlandHungaryFranceCubaItalyBrazilCzechoslovakiaCubaSwitzerlandBrazilHungarySwedenItalyBrazilHungaryItalyBrazilItalyBrazilEnglandSpainSwedenYugoslaviaBrazilYugoslaviaSpainSwedenUSABrazilSpainItalyUruguaySwitzerlandChileUruguayBrazilBrazilUruguaySwedenUruguayUruguayAustriaBrazilYugoslaviaGermany FRHungaryEnglandSwitzerlandUruguayAustriaFranceBrazilHungaryTurkeyEnglandItalyGermany FRSwitzerlandUruguayAustriaGermany FRHungaryGermany FRHungaryAustriaGermany FRSwedenSoviet UnionArgentinaHungaryFranceYugoslaviaBrazilNorthern IrelandBrazilMexicoParaguayYugoslaviaSoviet UnionGermany FRArgentinaSwedenSwedenBrazilGermany FRHungaryParaguayFranceEnglandCzechoslovakiaSoviet UnionNorthern IrelandWalesBrazilGermany FRSwedenFranceSwedenBrazilFranceBrazilUruguayBrazilArgentinaChileSoviet UnionCzechoslovakiaHungaryGermany FRYugoslaviaBrazilEnglandChileSoviet UnionSpainHungaryGermany FRSoviet UnionBrazilHungaryGermany FRYugoslaviaMexicoEnglandItalyChileBrazilCzechoslovakiaYugoslaviaCzechoslovakiaBrazilChileBrazilEnglandGermany FRBrazilSoviet UnionFrancePortugalArgentinaItalyUruguaySpainHungaryKorea DPRPortugalGermany FRSoviet UnionEnglandUruguayArgentinaPortugalKorea DPREnglandHungaryGermany FRSoviet UnionEnglandGermany FRSoviet UnionPortugalGermany FREnglandPortugalEnglandMexicoUruguayPeruEnglandItalyGermany FRBrazilBelgiumUruguayPeruRomaniaSoviet UnionSwedenGermany FRBrazilMexicoSwedenGermany FRBrazilSoviet UnionItalyBulgariaEnglandMexicoItalyGermany FRBrazilUruguayBrazilItalyGermany FRBrazilBrazilGermany FRGerman DRZaireUruguaySwedenItalyPolandAustraliaScotlandChileYugoslaviaNetherlandsBulgariaHaitiArgentinaScotlandAustraliaZaireGerman DRBulgariaArgentinaSwedenPolandYugoslaviaBrazilNetherlandsSwedenArgentinaPolandGerman DRGermany FRPolandNetherlandsArgentinaSwedenBrazilNetherlandsGermany FRItalyTunisiaArgentinaSwedenAustriaPeruNetherlandsItalyPolandGermany FRArgentinaBrazilAustriaScotlandNetherlandsFrancePolandGermany FRItalyBrazilSpainPeruScotlandGermany FRNetherlandsBrazilArgentinaPolandItalyGermany FRArgentinaNetherlandsAustriaBrazilArgentinaBrazilArgentinaArgentinaItalyBrazilPeruHungaryScotlandGermany FREnglandSpainChileCzechoslovakiaYugoslaviaItalyArgentinaBrazilPolandBelgiumSoviet UnionGermany FREnglandSpainAlgeriaFranceHondurasPolandBelgiumSoviet UnionItalyArgentinaBrazilAlgeriaFranceHondurasGermany FREnglandNorthern IrelandAustriaPolandItalyGermany FRAustriaBelgiumArgentinaGermany FRFrancePolandItalySpainPolandGermany FRPolandItalyBulgariaCanadaSpainSoviet UnionArgentinaMoroccoAlgeriaBelgiumPortugalParaguayScotlandUruguayItalyFranceKorea RepublicHungaryBrazilEnglandNorthern IrelandMexicoPolandIraqDenmarkGermany FRHungarySoviet UnionKorea RepublicArgentinaParaguayIraqPortugalEnglandNorthern IrelandAlgeriaScotlandDenmarkSoviet UnionMexicoArgentinaBrazilItalyMoroccoEnglandDenmarkBrazilGermany FRSpainArgentinaFranceArgentinaFranceArgentinaArgentinaSoviet Unionrn">United Arab EmiratesItalyUSABrazilGermany FRCosta RicaEnglandBelgiumNetherlandsUruguayArgentinaCameroonYugoslaviaItalyAustriaGermany FRBrazilSwedenEnglandrn">Republic of IrelandKorea RepublicBelgiumArgentinaCameroonGermany FRYugoslaviaItalyAustriaBrazilSwedenKorea RepublicBelgiumrn">Republic of IrelandEnglandCameroonCzechoslovakiaBrazilGermany FRrn">Republic of IrelandItalySpainEnglandYugoslaviaItalyGermany FREnglandItalyGermany FRItalyGermany FRSpainGermanyUSAItalyColombiaBelgiumNorwayCameroonNetherlandsBrazilArgentinaNigeriaGermanyRomaniaUSAItalyKorea RepublicMexicoSwedenBrazilBelgiumSaudi ArabiaArgentinaBulgariaUSASwitzerlandGermanyBoliviarn">Republic of IrelandBrazilItalyRussiaMoroccoBelgiumGreeceArgentinaGermanySpainSaudi ArabiaRomaniaNetherlandsBrazilNigeriaMexicoItalyNetherlandsBulgariaRomaniaBulgariaSwedenSwedenBrazilBrazilMoroccoItalyCameroonParaguaySaudi ArabiaFranceSpainKorea RepublicNetherlandsArgentinaYugoslaviaJamaicaEnglandRomaniaGermanyScotlandBrazilChileItalySouth AfricaFranceNigeriaSpainJapanBelgiumNetherlandsGermanyArgentinaUSAColombiaRomaniaItalyChileScotlandBrazilFranceSouth AfricaSpainNigeriaBelgiumNetherlandsGermanyUSAJapanArgentinaRomaniaColombiaItalyBrazilFranceNigeriaGermanyNetherlandsRomaniaArgentinaItalyBrazilNetherlandsGermanyBrazilFranceNetherlandsBrazilFranceUruguayrn">Republic of IrelandGermanyArgentinaParaguayEnglandSpainBrazilItalyCroatiaChina PRJapanKorea RepublicRussiaUSAGermanyDenmarkCameroonFranceSwedenArgentinaSpainSouth AfricaBrazilItalyCosta RicaJapanMexicoKorea RepublicPortugalTunisiaDenmarkSenegalSaudi ArabiaCameroonSwedenNigeriaSloveniaSouth AfricaCosta RicaTurkeyEcuadorMexicoTunisiaPortugalPolandBelgiumDenmarkGermanySpainSwedenBrazilMexicoJapanKorea RepublicEnglandGermanySenegalSpainGermanyBrazilKorea RepublicGermanyGermanyPolandEnglandrn">Trinidad and TobagoArgentinarn">Serbia and MontenegroMexicoAngolaAustraliaUSAItalyKorea RepublicFranceBrazilSpainTunisiaGermanyEcuadorEnglandSwedenArgentinaNetherlandsMexicoPortugalCzech RepublicItalyJapanBrazilFranceTogoSaudi ArabiaSpainEcuadorCosta RicaSwedenParaguayIranPortugalNetherlandsC�te d'IvoireCzech RepublicGhanaJapanCroatiaUkraineSaudi ArabiaTogoSwitzerlandGermanyArgentinaEnglandPortugalItalySwitzerlandBrazilSpainGermanyItalyEnglandBrazilGermanyPortugalGermanyItalySouth AfricaUruguayKorea RepublicArgentinaEnglandAlgeriaSerbiaGermanyNetherlandsJapanItalyNew ZealandC�te d'IvoireBrazilHondurasSpainSouth AfricaArgentinaGreeceFranceGermanySloveniaEnglandNetherlandsGhanaCameroonSlovakiaItalyBrazilPortugalChileSpainMexicoFranceNigeriaGreeceSloveniaUSAGhanaAustraliaSlovakiaParaguayDenmarkCameroonPortugalKorea DPRChileSwitzerlandUruguayUSAGermanyArgentinaNetherlandsBrazilParaguaySpainNetherlandsUruguayArgentinaParaguayUruguayGermanyUruguayNetherlandsBrazilMexicoSpainChileColombiaUruguayEnglandC�te d'IvoireSwitzerlandFranceArgentinaGermanyIR IranGhanaBelgiumBrazilRussiaAustraliaSpainCameroonColombiaUruguayJapanItalySwitzerlandHondurasArgentinaGermanyNigeriaBelgiumKorea RepublicUSAAustraliaNetherlandsCameroonCroatiaItalyCosta RicaJapanGreeceNigeriarn">Bosnia and HerzegovinaHondurasEcuadorUSAPortugalKorea RepublicAlgeriaBrazilColombiaFranceBrazilFranceBrazilBrazilGermanyNetherlandsNetherlandsArgentinaNetherlandsCosta RicaArgentinaBelgiumBrazilColombiaNetherlandsCosta RicaFranceArgentinaBelgiumFranceBrazilArgentinaNetherlandsBrazilNetherlandsBrazilGermany to numeric

During handling of the above exception, another exception occurred:

Traceback (most recent call last):
  File "C:\Program Files (x86)\Python37-32\lib\site-packages\pandas\core\nanops.py", line 1304, in _ensure_numeric
    x = float(x)
ValueError: could not convert string to float: 'FranceUSAYugoslaviaRomaniaArgentinaChileYugoslaviaUSAUruguayChileArgentinaBrazilParaguayUruguayArgentinaArgentinaUruguayUruguayAustriaHungarySwitzerlandSwedenGermanySpainItalyCzechoslovakiaCzechoslovakiaGermanyItalyAustriaItalyItalyCzechoslovakiaGermanyItalySwitzerlandHungaryFranceCubaItalyBrazilCzechoslovakiaCubaSwitzerlandBrazilHungarySwedenItalyBrazilHungaryItalyBrazilItalyBrazilEnglandSpainSwedenYugoslaviaBrazilYugoslaviaSpainSwedenUSABrazilSpainItalyUruguaySwitzerlandChileUruguayBrazilBrazilUruguaySwedenUruguayUruguayAustriaBrazilYugoslaviaGermany FRHungaryEnglandSwitzerlandUruguayAustriaFranceBrazilHungaryTurkeyEnglandItalyGermany FRSwitzerlandUruguayAustriaGermany FRHungaryGermany FRHungaryAustriaGermany FRSwedenSoviet UnionArgentinaHungaryFranceYugoslaviaBrazilNorthern IrelandBrazilMexicoParaguayYugoslaviaSoviet UnionGermany FRArgentinaSwedenSwedenBrazilGermany FRHungaryParaguayFranceEnglandCzechoslovakiaSoviet UnionNorthern IrelandWalesBrazilGermany FRSwedenFranceSwedenBrazilFranceBrazilUruguayBrazilArgentinaChileSoviet UnionCzechoslovakiaHungaryGermany FRYugoslaviaBrazilEnglandChileSoviet UnionSpainHungaryGermany FRSoviet UnionBrazilHungaryGermany FRYugoslaviaMexicoEnglandItalyChileBrazilCzechoslovakiaYugoslaviaCzechoslovakiaBrazilChileBrazilEnglandGermany FRBrazilSoviet UnionFrancePortugalArgentinaItalyUruguaySpainHungaryKorea DPRPortugalGermany FRSoviet UnionEnglandUruguayArgentinaPortugalKorea DPREnglandHungaryGermany FRSoviet UnionEnglandGermany FRSoviet UnionPortugalGermany FREnglandPortugalEnglandMexicoUruguayPeruEnglandItalyGermany FRBrazilBelgiumUruguayPeruRomaniaSoviet UnionSwedenGermany FRBrazilMexicoSwedenGermany FRBrazilSoviet UnionItalyBulgariaEnglandMexicoItalyGermany FRBrazilUruguayBrazilItalyGermany FRBrazilBrazilGermany FRGerman DRZaireUruguaySwedenItalyPolandAustraliaScotlandChileYugoslaviaNetherlandsBulgariaHaitiArgentinaScotlandAustraliaZaireGerman DRBulgariaArgentinaSwedenPolandYugoslaviaBrazilNetherlandsSwedenArgentinaPolandGerman DRGermany FRPolandNetherlandsArgentinaSwedenBrazilNetherlandsGermany FRItalyTunisiaArgentinaSwedenAustriaPeruNetherlandsItalyPolandGermany FRArgentinaBrazilAustriaScotlandNetherlandsFrancePolandGermany FRItalyBrazilSpainPeruScotlandGermany FRNetherlandsBrazilArgentinaPolandItalyGermany FRArgentinaNetherlandsAustriaBrazilArgentinaBrazilArgentinaArgentinaItalyBrazilPeruHungaryScotlandGermany FREnglandSpainChileCzechoslovakiaYugoslaviaItalyArgentinaBrazilPolandBelgiumSoviet UnionGermany FREnglandSpainAlgeriaFranceHondurasPolandBelgiumSoviet UnionItalyArgentinaBrazilAlgeriaFranceHondurasGermany FREnglandNorthern IrelandAustriaPolandItalyGermany FRAustriaBelgiumArgentinaGermany FRFrancePolandItalySpainPolandGermany FRPolandItalyBulgariaCanadaSpainSoviet UnionArgentinaMoroccoAlgeriaBelgiumPortugalParaguayScotlandUruguayItalyFranceKorea RepublicHungaryBrazilEnglandNorthern IrelandMexicoPolandIraqDenmarkGermany FRHungarySoviet UnionKorea RepublicArgentinaParaguayIraqPortugalEnglandNorthern IrelandAlgeriaScotlandDenmarkSoviet UnionMexicoArgentinaBrazilItalyMoroccoEnglandDenmarkBrazilGermany FRSpainArgentinaFranceArgentinaFranceArgentinaArgentinaSoviet Unionrn">United Arab EmiratesItalyUSABrazilGermany FRCosta RicaEnglandBelgiumNetherlandsUruguayArgentinaCameroonYugoslaviaItalyAustriaGermany FRBrazilSwedenEnglandrn">Republic of IrelandKorea RepublicBelgiumArgentinaCameroonGermany FRYugoslaviaItalyAustriaBrazilSwedenKorea RepublicBelgiumrn">Republic of IrelandEnglandCameroonCzechoslovakiaBrazilGermany FRrn">Republic of IrelandItalySpainEnglandYugoslaviaItalyGermany FREnglandItalyGermany FRItalyGermany FRSpainGermanyUSAItalyColombiaBelgiumNorwayCameroonNetherlandsBrazilArgentinaNigeriaGermanyRomaniaUSAItalyKorea RepublicMexicoSwedenBrazilBelgiumSaudi ArabiaArgentinaBulgariaUSASwitzerlandGermanyBoliviarn">Republic of IrelandBrazilItalyRussiaMoroccoBelgiumGreeceArgentinaGermanySpainSaudi ArabiaRomaniaNetherlandsBrazilNigeriaMexicoItalyNetherlandsBulgariaRomaniaBulgariaSwedenSwedenBrazilBrazilMoroccoItalyCameroonParaguaySaudi ArabiaFranceSpainKorea RepublicNetherlandsArgentinaYugoslaviaJamaicaEnglandRomaniaGermanyScotlandBrazilChileItalySouth AfricaFranceNigeriaSpainJapanBelgiumNetherlandsGermanyArgentinaUSAColombiaRomaniaItalyChileScotlandBrazilFranceSouth AfricaSpainNigeriaBelgiumNetherlandsGermanyUSAJapanArgentinaRomaniaColombiaItalyBrazilFranceNigeriaGermanyNetherlandsRomaniaArgentinaItalyBrazilNetherlandsGermanyBrazilFranceNetherlandsBrazilFranceUruguayrn">Republic of IrelandGermanyArgentinaParaguayEnglandSpainBrazilItalyCroatiaChina PRJapanKorea RepublicRussiaUSAGermanyDenmarkCameroonFranceSwedenArgentinaSpainSouth AfricaBrazilItalyCosta RicaJapanMexicoKorea RepublicPortugalTunisiaDenmarkSenegalSaudi ArabiaCameroonSwedenNigeriaSloveniaSouth AfricaCosta RicaTurkeyEcuadorMexicoTunisiaPortugalPolandBelgiumDenmarkGermanySpainSwedenBrazilMexicoJapanKorea RepublicEnglandGermanySenegalSpainGermanyBrazilKorea RepublicGermanyGermanyPolandEnglandrn">Trinidad and TobagoArgentinarn">Serbia and MontenegroMexicoAngolaAustraliaUSAItalyKorea RepublicFranceBrazilSpainTunisiaGermanyEcuadorEnglandSwedenArgentinaNetherlandsMexicoPortugalCzech RepublicItalyJapanBrazilFranceTogoSaudi ArabiaSpainEcuadorCosta RicaSwedenParaguayIranPortugalNetherlandsC�te d\'IvoireCzech RepublicGhanaJapanCroatiaUkraineSaudi ArabiaTogoSwitzerlandGermanyArgentinaEnglandPortugalItalySwitzerlandBrazilSpainGermanyItalyEnglandBrazilGermanyPortugalGermanyItalySouth AfricaUruguayKorea RepublicArgentinaEnglandAlgeriaSerbiaGermanyNetherlandsJapanItalyNew ZealandC�te d\'IvoireBrazilHondurasSpainSouth AfricaArgentinaGreeceFranceGermanySloveniaEnglandNetherlandsGhanaCameroonSlovakiaItalyBrazilPortugalChileSpainMexicoFranceNigeriaGreeceSloveniaUSAGhanaAustraliaSlovakiaParaguayDenmarkCameroonPortugalKorea DPRChileSwitzerlandUruguayUSAGermanyArgentinaNetherlandsBrazilParaguaySpainNetherlandsUruguayArgentinaParaguayUruguayGermanyUruguayNetherlandsBrazilMexicoSpainChileColombiaUruguayEnglandC�te d\'IvoireSwitzerlandFranceArgentinaGermanyIR IranGhanaBelgiumBrazilRussiaAustraliaSpainCameroonColombiaUruguayJapanItalySwitzerlandHondurasArgentinaGermanyNigeriaBelgiumKorea RepublicUSAAustraliaNetherlandsCameroonCroatiaItalyCosta RicaJapanGreeceNigeriarn">Bosnia and HerzegovinaHondurasEcuadorUSAPortugalKorea RepublicAlgeriaBrazilColombiaFranceBrazilFranceBrazilBrazilGermanyNetherlandsNetherlandsArgentinaNetherlandsCosta RicaArgentinaBelgiumBrazilColombiaNetherlandsCosta RicaFranceArgentinaBelgiumFranceBrazilArgentinaNetherlandsBrazilNetherlandsBrazilGermany'

During handling of the above exception, another exception occurred:

Traceback (most recent call last):
  File "C:\Program Files (x86)\Python37-32\lib\site-packages\pandas\core\nanops.py", line 1307, in _ensure_numeric
    x = complex(x)
ValueError: complex() arg is a malformed string

During handling of the above exception, another exception occurred:

Traceback (most recent call last):
  File "C:\Users\admin\Desktop\dwdm1.py", line 22, in <module>
    print("\n Mean: ", dataset['Home Team Name'].mean())
  File "C:\Program Files (x86)\Python37-32\lib\site-packages\pandas\core\generic.py", line 11618, in stat_func
    f, name, axis=axis, skipna=skipna, numeric_only=numeric_only
  File "C:\Program Files (x86)\Python37-32\lib\site-packages\pandas\core\series.py", line 4090, in _reduce
    return op(delegate, skipna=skipna, **kwds)
  File "C:\Program Files (x86)\Python37-32\lib\site-packages\pandas\core\nanops.py", line 70, in _f
    return f(*args, **kwargs)
  File "C:\Program Files (x86)\Python37-32\lib\site-packages\pandas\core\nanops.py", line 123, in f
    result = alt(values, axis=axis, skipna=skipna, **kwds)
  File "C:\Program Files (x86)\Python37-32\lib\site-packages\pandas\core\nanops.py", line 551, in nanmean
    the_sum = _ensure_numeric(values.sum(axis, dtype=dtype_sum))
  File "C:\Program Files (x86)\Python37-32\lib\site-packages\pandas\core\nanops.py", line 1310, in _ensure_numeric
    "Could not convert {value!s} to numeric".format(value=x)
TypeError: Could not convert FranceUSAYugoslaviaRomaniaArgentinaChileYugoslaviaUSAUruguayChileArgentinaBrazilParaguayUruguayArgentinaArgentinaUruguayUruguayAustriaHungarySwitzerlandSwedenGermanySpainItalyCzechoslovakiaCzechoslovakiaGermanyItalyAustriaItalyItalyCzechoslovakiaGermanyItalySwitzerlandHungaryFranceCubaItalyBrazilCzechoslovakiaCubaSwitzerlandBrazilHungarySwedenItalyBrazilHungaryItalyBrazilItalyBrazilEnglandSpainSwedenYugoslaviaBrazilYugoslaviaSpainSwedenUSABrazilSpainItalyUruguaySwitzerlandChileUruguayBrazilBrazilUruguaySwedenUruguayUruguayAustriaBrazilYugoslaviaGermany FRHungaryEnglandSwitzerlandUruguayAustriaFranceBrazilHungaryTurkeyEnglandItalyGermany FRSwitzerlandUruguayAustriaGermany FRHungaryGermany FRHungaryAustriaGermany FRSwedenSoviet UnionArgentinaHungaryFranceYugoslaviaBrazilNorthern IrelandBrazilMexicoParaguayYugoslaviaSoviet UnionGermany FRArgentinaSwedenSwedenBrazilGermany FRHungaryParaguayFranceEnglandCzechoslovakiaSoviet UnionNorthern IrelandWalesBrazilGermany FRSwedenFranceSwedenBrazilFranceBrazilUruguayBrazilArgentinaChileSoviet UnionCzechoslovakiaHungaryGermany FRYugoslaviaBrazilEnglandChileSoviet UnionSpainHungaryGermany FRSoviet UnionBrazilHungaryGermany FRYugoslaviaMexicoEnglandItalyChileBrazilCzechoslovakiaYugoslaviaCzechoslovakiaBrazilChileBrazilEnglandGermany FRBrazilSoviet UnionFrancePortugalArgentinaItalyUruguaySpainHungaryKorea DPRPortugalGermany FRSoviet UnionEnglandUruguayArgentinaPortugalKorea DPREnglandHungaryGermany FRSoviet UnionEnglandGermany FRSoviet UnionPortugalGermany FREnglandPortugalEnglandMexicoUruguayPeruEnglandItalyGermany FRBrazilBelgiumUruguayPeruRomaniaSoviet UnionSwedenGermany FRBrazilMexicoSwedenGermany FRBrazilSoviet UnionItalyBulgariaEnglandMexicoItalyGermany FRBrazilUruguayBrazilItalyGermany FRBrazilBrazilGermany FRGerman DRZaireUruguaySwedenItalyPolandAustraliaScotlandChileYugoslaviaNetherlandsBulgariaHaitiArgentinaScotlandAustraliaZaireGerman DRBulgariaArgentinaSwedenPolandYugoslaviaBrazilNetherlandsSwedenArgentinaPolandGerman DRGermany FRPolandNetherlandsArgentinaSwedenBrazilNetherlandsGermany FRItalyTunisiaArgentinaSwedenAustriaPeruNetherlandsItalyPolandGermany FRArgentinaBrazilAustriaScotlandNetherlandsFrancePolandGermany FRItalyBrazilSpainPeruScotlandGermany FRNetherlandsBrazilArgentinaPolandItalyGermany FRArgentinaNetherlandsAustriaBrazilArgentinaBrazilArgentinaArgentinaItalyBrazilPeruHungaryScotlandGermany FREnglandSpainChileCzechoslovakiaYugoslaviaItalyArgentinaBrazilPolandBelgiumSoviet UnionGermany FREnglandSpainAlgeriaFranceHondurasPolandBelgiumSoviet UnionItalyArgentinaBrazilAlgeriaFranceHondurasGermany FREnglandNorthern IrelandAustriaPolandItalyGermany FRAustriaBelgiumArgentinaGermany FRFrancePolandItalySpainPolandGermany FRPolandItalyBulgariaCanadaSpainSoviet UnionArgentinaMoroccoAlgeriaBelgiumPortugalParaguayScotlandUruguayItalyFranceKorea RepublicHungaryBrazilEnglandNorthern IrelandMexicoPolandIraqDenmarkGermany FRHungarySoviet UnionKorea RepublicArgentinaParaguayIraqPortugalEnglandNorthern IrelandAlgeriaScotlandDenmarkSoviet UnionMexicoArgentinaBrazilItalyMoroccoEnglandDenmarkBrazilGermany FRSpainArgentinaFranceArgentinaFranceArgentinaArgentinaSoviet Unionrn">United Arab EmiratesItalyUSABrazilGermany FRCosta RicaEnglandBelgiumNetherlandsUruguayArgentinaCameroonYugoslaviaItalyAustriaGermany FRBrazilSwedenEnglandrn">Republic of IrelandKorea RepublicBelgiumArgentinaCameroonGermany FRYugoslaviaItalyAustriaBrazilSwedenKorea RepublicBelgiumrn">Republic of IrelandEnglandCameroonCzechoslovakiaBrazilGermany FRrn">Republic of IrelandItalySpainEnglandYugoslaviaItalyGermany FREnglandItalyGermany FRItalyGermany FRSpainGermanyUSAItalyColombiaBelgiumNorwayCameroonNetherlandsBrazilArgentinaNigeriaGermanyRomaniaUSAItalyKorea RepublicMexicoSwedenBrazilBelgiumSaudi ArabiaArgentinaBulgariaUSASwitzerlandGermanyBoliviarn">Republic of IrelandBrazilItalyRussiaMoroccoBelgiumGreeceArgentinaGermanySpainSaudi ArabiaRomaniaNetherlandsBrazilNigeriaMexicoItalyNetherlandsBulgariaRomaniaBulgariaSwedenSwedenBrazilBrazilMoroccoItalyCameroonParaguaySaudi ArabiaFranceSpainKorea RepublicNetherlandsArgentinaYugoslaviaJamaicaEnglandRomaniaGermanyScotlandBrazilChileItalySouth AfricaFranceNigeriaSpainJapanBelgiumNetherlandsGermanyArgentinaUSAColombiaRomaniaItalyChileScotlandBrazilFranceSouth AfricaSpainNigeriaBelgiumNetherlandsGermanyUSAJapanArgentinaRomaniaColombiaItalyBrazilFranceNigeriaGermanyNetherlandsRomaniaArgentinaItalyBrazilNetherlandsGermanyBrazilFranceNetherlandsBrazilFranceUruguayrn">Republic of IrelandGermanyArgentinaParaguayEnglandSpainBrazilItalyCroatiaChina PRJapanKorea RepublicRussiaUSAGermanyDenmarkCameroonFranceSwedenArgentinaSpainSouth AfricaBrazilItalyCosta RicaJapanMexicoKorea RepublicPortugalTunisiaDenmarkSenegalSaudi ArabiaCameroonSwedenNigeriaSloveniaSouth AfricaCosta RicaTurkeyEcuadorMexicoTunisiaPortugalPolandBelgiumDenmarkGermanySpainSwedenBrazilMexicoJapanKorea RepublicEnglandGermanySenegalSpainGermanyBrazilKorea RepublicGermanyGermanyPolandEnglandrn">Trinidad and TobagoArgentinarn">Serbia and MontenegroMexicoAngolaAustraliaUSAItalyKorea RepublicFranceBrazilSpainTunisiaGermanyEcuadorEnglandSwedenArgentinaNetherlandsMexicoPortugalCzech RepublicItalyJapanBrazilFranceTogoSaudi ArabiaSpainEcuadorCosta RicaSwedenParaguayIranPortugalNetherlandsC�te d'IvoireCzech RepublicGhanaJapanCroatiaUkraineSaudi ArabiaTogoSwitzerlandGermanyArgentinaEnglandPortugalItalySwitzerlandBrazilSpainGermanyItalyEnglandBrazilGermanyPortugalGermanyItalySouth AfricaUruguayKorea RepublicArgentinaEnglandAlgeriaSerbiaGermanyNetherlandsJapanItalyNew ZealandC�te d'IvoireBrazilHondurasSpainSouth AfricaArgentinaGreeceFranceGermanySloveniaEnglandNetherlandsGhanaCameroonSlovakiaItalyBrazilPortugalChileSpainMexicoFranceNigeriaGreeceSloveniaUSAGhanaAustraliaSlovakiaParaguayDenmarkCameroonPortugalKorea DPRChileSwitzerlandUruguayUSAGermanyArgentinaNetherlandsBrazilParaguaySpainNetherlandsUruguayArgentinaParaguayUruguayGermanyUruguayNetherlandsBrazilMexicoSpainChileColombiaUruguayEnglandC�te d'IvoireSwitzerlandFranceArgentinaGermanyIR IranGhanaBelgiumBrazilRussiaAustraliaSpainCameroonColombiaUruguayJapanItalySwitzerlandHondurasArgentinaGermanyNigeriaBelgiumKorea RepublicUSAAustraliaNetherlandsCameroonCroatiaItalyCosta RicaJapanGreeceNigeriarn">Bosnia and HerzegovinaHondurasEcuadorUSAPortugalKorea RepublicAlgeriaBrazilColombiaFranceBrazilFranceBrazilBrazilGermanyNetherlandsNetherlandsArgentinaNetherlandsCosta RicaArgentinaBelgiumBrazilColombiaNetherlandsCosta RicaFranceArgentinaBelgiumFranceBrazilArgentinaNetherlandsBrazilNetherlandsBrazilGermany to numeric
>>> 
================== RESTART: C:\Users\admin\Desktop\dwdm1.py ==================
(4572, 20)
RangeIndex(start=0, stop=4572, step=1)
Index(['Year', 'Datetime', 'Stage', 'Stadium', 'City', 'Home Team Name',
       'Home Team Goals', 'Away Team Goals', 'Away Team Name',
       'Win conditions', 'Attendance', 'Half-time Home Goals',
       'Half-time Away Goals', 'Referee', 'Assistant 1', 'Assistant 2',
       'RoundID', 'MatchID', 'Home Team Initials', 'Away Team Initials'],
      dtype='object')
None
Year                    0
Datetime                0
Stage                   0
Stadium                 0
City                    0
Home Team Name          0
Home Team Goals         0
Away Team Goals         0
Away Team Name          0
Win conditions          0
Attendance              0
Half-time Home Goals    0
Half-time Away Goals    0
Referee                 0
Assistant 1             0
Assistant 2             0
RoundID                 0
MatchID                 0
Home Team Initials      0
Away Team Initials      0
dtype: int64
(850, 20)
Mean:  1985
Mean:  1990
Mean:  2014
>>> 
================== RESTART: C:\Users\admin\Desktop\dwdm1.py ==================
(4572, 20)
RangeIndex(start=0, stop=4572, step=1)
Index(['Year', 'Datetime', 'Stage', 'Stadium', 'City', 'Home Team Name',
       'Home Team Goals', 'Away Team Goals', 'Away Team Name',
       'Win conditions', 'Attendance', 'Half-time Home Goals',
       'Half-time Away Goals', 'Referee', 'Assistant 1', 'Assistant 2',
       'RoundID', 'MatchID', 'Home Team Initials', 'Away Team Initials'],
      dtype='object')
None
Year                    0
Datetime                0
Stage                   0
Stadium                 0
City                    0
Home Team Name          0
Home Team Goals         0
Away Team Goals         0
Away Team Name          0
Win conditions          0
Attendance              0
Half-time Home Goals    0
Half-time Away Goals    0
Referee                 0
Assistant 1             0
Assistant 2             0
RoundID                 0
MatchID                 0
Home Team Initials      0
Away Team Initials      0
dtype: int64
(850, 20)
Mean:  1985
Median:  1990
Mode:  2014
847    2014.0
848    2014.0
849    2014.0
850    2014.0
851    2014.0
Name: Year, dtype: float64
Traceback (most recent call last):
  File "C:\Users\admin\Desktop\dwdm1.py", line 24, in <module>
    print(dataset['Year'].replace(np.nan,dataset['Year'].mean().tail()))
AttributeError: 'numpy.float64' object has no attribute 'tail'
>>> 
================== RESTART: C:\Users\admin\Desktop\dwdm1.py ==================
(4572, 20)
RangeIndex(start=0, stop=4572, step=1)
Index(['Year', 'Datetime', 'Stage', 'Stadium', 'City', 'Home Team Name',
       'Home Team Goals', 'Away Team Goals', 'Away Team Name',
       'Win conditions', 'Attendance', 'Half-time Home Goals',
       'Half-time Away Goals', 'Referee', 'Assistant 1', 'Assistant 2',
       'RoundID', 'MatchID', 'Home Team Initials', 'Away Team Initials'],
      dtype='object')
None
Year                    0
Datetime                0
Stage                   0
Stadium                 0
City                    0
Home Team Name          0
Home Team Goals         0
Away Team Goals         0
Away Team Name          0
Win conditions          0
Attendance              0
Half-time Home Goals    0
Half-time Away Goals    0
Referee                 0
Assistant 1             0
Assistant 2             0
RoundID                 0
MatchID                 0
Home Team Initials      0
Away Team Initials      0
dtype: int64
(850, 20)
Mean:  1985
Median:  1990
Mode:  2014
847    2014.0
848    2014.0
849    2014.0
850    2014.0
851    2014.0
Name: Year, dtype: float64
0      1930.0
1      1930.0
2      1930.0
3      1930.0
4      1930.0
        ...  
847    2014.0
848    2014.0
849    2014.0
850    2014.0
851    2014.0
Name: Year, Length: 850, dtype: float64
>>> 
================== RESTART: C:\Users\admin\Desktop\dwdm1.py ==================
(4572, 20)
RangeIndex(start=0, stop=4572, step=1)
Index(['Year', 'Datetime', 'Stage', 'Stadium', 'City', 'Home Team Name',
       'Home Team Goals', 'Away Team Goals', 'Away Team Name',
       'Win conditions', 'Attendance', 'Half-time Home Goals',
       'Half-time Away Goals', 'Referee', 'Assistant 1', 'Assistant 2',
       'RoundID', 'MatchID', 'Home Team Initials', 'Away Team Initials'],
      dtype='object')
Year                    3720
Datetime                3720
Stage                   3720
Stadium                 3720
City                    3720
Home Team Name          3720
Home Team Goals         3720
Away Team Goals         3720
Away Team Name          3720
Win conditions          3720
Attendance              3722
Half-time Home Goals    3720
Half-time Away Goals    3720
Referee                 3720
Assistant 1             3720
Assistant 2             3720
RoundID                 3720
MatchID                 3720
Home Team Initials      3720
Away Team Initials      3720
dtype: int64
(4572, 20)
Mean:  1985
Median:  1990
Mode:  2014
4567   NaN
4568   NaN
4569   NaN
4570   NaN
4571   NaN
Name: Year, dtype: float64
0       1930.000000
1       1930.000000
2       1930.000000
3       1930.000000
4       1930.000000
           ...     
4567    1985.089202
4568    1985.089202
4569    1985.089202
4570    1985.089202
4571    1985.089202
Name: Year, Length: 4572, dtype: float64
>>> 
================== RESTART: C:\Users\admin\Desktop\dwdm1.py ==================
(4572, 20)
RangeIndex(start=0, stop=4572, step=1)
Index(['Year', 'Datetime', 'Stage', 'Stadium', 'City', 'Home Team Name',
       'Home Team Goals', 'Away Team Goals', 'Away Team Name',
       'Win conditions', 'Attendance', 'Half-time Home Goals',
       'Half-time Away Goals', 'Referee', 'Assistant 1', 'Assistant 2',
       'RoundID', 'MatchID', 'Home Team Initials', 'Away Team Initials'],
      dtype='object')
Year                    3720
Datetime                3720
Stage                   3720
Stadium                 3720
City                    3720
Home Team Name          3720
Home Team Goals         3720
Away Team Goals         3720
Away Team Name          3720
Win conditions          3720
Attendance              3722
Half-time Home Goals    3720
Half-time Away Goals    3720
Referee                 3720
Assistant 1             3720
Assistant 2             3720
RoundID                 3720
MatchID                 3720
Home Team Initials      3720
Away Team Initials      3720
dtype: int64
(4572, 20)
Mean:  1985
Median:  1990
Mode:  2014
4567   NaN
4568   NaN
4569   NaN
4570   NaN
4571   NaN
Name: Year, dtype: float64
Traceback (most recent call last):
  File "C:\Users\admin\Desktop\dwdm1.py", line 24, in <module>
    print(dataset['Year'].replace(np.nan,dataset['Year'].mean().tail()))
AttributeError: 'numpy.float64' object has no attribute 'tail'
>>> 
================== RESTART: C:\Users\admin\Desktop\dwdm1.py ==================
(4572, 20)
RangeIndex(start=0, stop=4572, step=1)
Index(['Year', 'Datetime', 'Stage', 'Stadium', 'City', 'Home Team Name',
       'Home Team Goals', 'Away Team Goals', 'Away Team Name',
       'Win conditions', 'Attendance', 'Half-time Home Goals',
       'Half-time Away Goals', 'Referee', 'Assistant 1', 'Assistant 2',
       'RoundID', 'MatchID', 'Home Team Initials', 'Away Team Initials'],
      dtype='object')
Year                    3720
Datetime                3720
Stage                   3720
Stadium                 3720
City                    3720
Home Team Name          3720
Home Team Goals         3720
Away Team Goals         3720
Away Team Name          3720
Win conditions          3720
Attendance              3722
Half-time Home Goals    3720
Half-time Away Goals    3720
Referee                 3720
Assistant 1             3720
Assistant 2             3720
RoundID                 3720
MatchID                 3720
Home Team Initials      3720
Away Team Initials      3720
dtype: int64
(4572, 20)
Mean:  1985
Median:  1990
Mode:  2014
4567   NaN
4568   NaN
4569   NaN
4570   NaN
4571   NaN
Name: Year, dtype: float64
4567    1985.089202
4568    1985.089202
4569    1985.089202
4570    1985.089202
4571    1985.089202
Name: Year, dtype: float64
>>> 
================== RESTART: C:\Users\admin\Desktop\dwdm1.py ==================
(4572, 20)
RangeIndex(start=0, stop=4572, step=1)
Index(['Year', 'Datetime', 'Stage', 'Stadium', 'City', 'Home Team Name',
       'Home Team Goals', 'Away Team Goals', 'Away Team Name',
       'Win conditions', 'Attendance', 'Half-time Home Goals',
       'Half-time Away Goals', 'Referee', 'Assistant 1', 'Assistant 2',
       'RoundID', 'MatchID', 'Home Team Initials', 'Away Team Initials'],
      dtype='object')
Year                    3720
Datetime                3720
Stage                   3720
Stadium                 3720
City                    3720
Home Team Name          3720
Home Team Goals         3720
Away Team Goals         3720
Away Team Name          3720
Win conditions          3720
Attendance              3722
Half-time Home Goals    3720
Half-time Away Goals    3720
Referee                 3720
Assistant 1             3720
Assistant 2             3720
RoundID                 3720
MatchID                 3720
Home Team Initials      3720
Away Team Initials      3720
dtype: int64
(4572, 20)
Mean:  1985
Median:  1990
Mode:  2014
4567   NaN
4568   NaN
4569   NaN
4570   NaN
4571   NaN
Name: Year, dtype: float64
4567    1985.0
4568    1985.0
4569    1985.0
4570    1985.0
4571    1985.0
Name: Year, dtype: float64
>>> 
================== RESTART: C:\Users\admin\Desktop\dwdm1.py ==================
(4572, 20)
RangeIndex(start=0, stop=4572, step=1)
Index(['Year', 'Datetime', 'Stage', 'Stadium', 'City', 'Home Team Name',
       'Home Team Goals', 'Away Team Goals', 'Away Team Name',
       'Win conditions', 'Attendance', 'Half-time Home Goals',
       'Half-time Away Goals', 'Referee', 'Assistant 1', 'Assistant 2',
       'RoundID', 'MatchID', 'Home Team Initials', 'Away Team Initials'],
      dtype='object')
Year                    3720
Datetime                3720
Stage                   3720
Stadium                 3720
City                    3720
Home Team Name          3720
Home Team Goals         3720
Away Team Goals         3720
Away Team Name          3720
Win conditions          3720
Attendance              3722
Half-time Home Goals    3720
Half-time Away Goals    3720
Referee                 3720
Assistant 1             3720
Assistant 2             3720
RoundID                 3720
MatchID                 3720
Home Team Initials      3720
Away Team Initials      3720
dtype: int64
(4572, 20)
Mean:  1985
Median:  1990
Mode:  2014
4567   NaN
4568   NaN
4569   NaN
4570   NaN
4571   NaN
Name: Year, dtype: float64
4567    1985.0
4568    1985.0
4569    1985.0
4570    1985.0
4571    1985.0
Name: Year, dtype: float64
        Year              Datetime  ... Home Team Initials Away Team Initials
0     1930.0  13 Jul 1930 - 15:00   ...                FRA                MEX
1     1930.0  13 Jul 1930 - 15:00   ...                USA                BEL
2     1930.0  14 Jul 1930 - 12:45   ...                YUG                BRA
3     1930.0  14 Jul 1930 - 14:50   ...                ROU                PER
4     1930.0  15 Jul 1930 - 16:00   ...                ARG                FRA
...      ...                   ...  ...                ...                ...
4567     NaN                   NaN  ...                NaN                NaN
4568     NaN                   NaN  ...                NaN                NaN
4569     NaN                   NaN  ...                NaN                NaN
4570     NaN                   NaN  ...                NaN                NaN
4571     NaN                   NaN  ...                NaN                NaN

[4572 rows x 20 columns]
>>> 
================== RESTART: C:\Users\admin\Desktop\dwdm1.py ==================
(4572, 20)
RangeIndex(start=0, stop=4572, step=1)
Index(['Year', 'Datetime', 'Stage', 'Stadium', 'City', 'Home Team Name',
       'Home Team Goals', 'Away Team Goals', 'Away Team Name',
       'Win conditions', 'Attendance', 'Half-time Home Goals',
       'Half-time Away Goals', 'Referee', 'Assistant 1', 'Assistant 2',
       'RoundID', 'MatchID', 'Home Team Initials', 'Away Team Initials'],
      dtype='object')
Year                    3720
Datetime                3720
Stage                   3720
Stadium                 3720
City                    3720
Home Team Name          3720
Home Team Goals         3720
Away Team Goals         3720
Away Team Name          3720
Win conditions          3720
Attendance              3722
Half-time Home Goals    3720
Half-time Away Goals    3720
Referee                 3720
Assistant 1             3720
Assistant 2             3720
RoundID                 3720
MatchID                 3720
Home Team Initials      3720
Away Team Initials      3720
dtype: int64
(4572, 20)
Mean:  1985
Median:  1990
Mode:  2014
4567   NaN
4568   NaN
4569   NaN
4570   NaN
4571   NaN
Name: Year, dtype: float64
        Year              Datetime  ... Home Team Initials Away Team Initials
0     1930.0  13 Jul 1930 - 15:00   ...                FRA                MEX
1     1930.0  13 Jul 1930 - 15:00   ...                USA                BEL
2     1930.0  14 Jul 1930 - 12:45   ...                YUG                BRA
3     1930.0  14 Jul 1930 - 14:50   ...                ROU                PER
4     1930.0  15 Jul 1930 - 16:00   ...                ARG                FRA
...      ...                   ...  ...                ...                ...
4567     NaN                   NaN  ...                NaN                NaN
4568     NaN                   NaN  ...                NaN                NaN
4569     NaN                   NaN  ...                NaN                NaN
4570     NaN                   NaN  ...                NaN                NaN
4571     NaN                   NaN  ...                NaN                NaN

[4572 rows x 20 columns]
4567    1985.0
4568    1985.0
4569    1985.0
4570    1985.0
4571    1985.0
Name: Year, dtype: float64
        Year              Datetime  ... Home Team Initials Away Team Initials
0     1930.0  13 Jul 1930 - 15:00   ...                FRA                MEX
1     1930.0  13 Jul 1930 - 15:00   ...                USA                BEL
2     1930.0  14 Jul 1930 - 12:45   ...                YUG                BRA
3     1930.0  14 Jul 1930 - 14:50   ...                ROU                PER
4     1930.0  15 Jul 1930 - 16:00   ...                ARG                FRA
...      ...                   ...  ...                ...                ...
4567     NaN                   NaN  ...                NaN                NaN
4568     NaN                   NaN  ...                NaN                NaN
4569     NaN                   NaN  ...                NaN                NaN
4570     NaN                   NaN  ...                NaN                NaN
4571     NaN                   NaN  ...                NaN                NaN

[4572 rows x 20 columns]
>>> 
================== RESTART: C:\Users\admin\Desktop\dwdm1.py ==================
(4572, 20)
RangeIndex(start=0, stop=4572, step=1)
Index(['Year', 'Datetime', 'Stage', 'Stadium', 'City', 'Home Team Name',
       'Home Team Goals', 'Away Team Goals', 'Away Team Name',
       'Win conditions', 'Attendance', 'Half-time Home Goals',
       'Half-time Away Goals', 'Referee', 'Assistant 1', 'Assistant 2',
       'RoundID', 'MatchID', 'Home Team Initials', 'Away Team Initials'],
      dtype='object')
Year                    3720
Datetime                3720
Stage                   3720
Stadium                 3720
City                    3720
Home Team Name          3720
Home Team Goals         3720
Away Team Goals         3720
Away Team Name          3720
Win conditions          3720
Attendance              3722
Half-time Home Goals    3720
Half-time Away Goals    3720
Referee                 3720
Assistant 1             3720
Assistant 2             3720
RoundID                 3720
MatchID                 3720
Home Team Initials      3720
Away Team Initials      3720
dtype: int64
(4572, 20)
Mean:  1985
Median:  1990
Mode:  2014
4567   NaN
4568   NaN
4569   NaN
4570   NaN
4571   NaN
Name: Year, dtype: float64
4567    1985.0
4568    1985.0
4569    1985.0
4570    1985.0
4571    1985.0
Name: Year, dtype: float64
>>> w